Arguments: 
  C:\Program Files\nodejs\node.exe C:\Program Files\nodejs\node_modules\yarn\bin\yarn.js

PATH: 
  C:\Program Files\Python27\;C:\Program Files\Python36\;C:\Program Files\Python27\Scripts\;C:\Program Files\Python36\Scripts\;C:\ProgramData\Oracle\Java\javapath;C:\Program Files\Java\jdk1.8.0_131\bin;C:\Program Files\Php7;C:\Program Files\Git\cmd;C:\Program Files\TortoiseSVN\bin;C:\Program Files\Redis\;C:\Program Files\MongoDB\Server\3.2\bin;C:\Program Files\MySQL\MySQL Server 5.7\bin;E:\environment\Apache24\bin;C:\Program Files\FFmpeg\bin;C:\Program Files\phantomjs-2.1.1\bin;C:\Users\pc\AppData\Roaming\nvm;C:\Program Files\nodejs;C:\WINDOWS;C:\WINDOWS\system32;C:\WINDOWS\System32\Wbem;C:\WINDOWS\System32\WindowsPowerShell\v1.0\;C:\Program Files (x86)\Windows Kits\8.1\Windows Performance Toolkit\;C:\Program Files\Microsoft SQL Server\120\Tools\Binn\;E:\environment\zookeeper-3.4.9\bin;C:\Program Files\Go\bin;C:\Program Files\OpenVPN\bin;C:\Program Files (x86)\Microsoft VS Code\bin;C:\Users\pc\AppData\Local\Microsoft\WindowsApps;C:\Users\pc\AppData\Roaming\nvm;C:\Program Files\nodejs

Yarn version: 
  1.0.2

Node version: 
  8.5.0

Platform: 
  win32 x64

npm manifest: 
  {
    "name": "prorobuf-study",
    "version": "0.0.1",
    "description": "protobuf study",
    "main": "index.js",
    "author": "toonew",
    "license": "MIT",
    "scripts": {
      "pb": "pbjs lm/lm.message.proto -t json-module  > lm/lm.message.js"
    },
    "dependencies": {
      "protobufjs": "^5.8.0"
    }
  }

yarn manifest: 
  No manifest

Lockfile: 
  # THIS IS AN AUTOGENERATED FILE. DO NOT EDIT THIS FILE DIRECTLY.
  # yarn lockfile v1
  
  
  "@protobufjs/aspromise@^1.1.1", "@protobufjs/aspromise@^1.1.2":
    version "1.1.2"
    resolved "http://registry.npm.taobao.org/@protobufjs/aspromise/download/@protobufjs/aspromise-1.1.2.tgz#9b8b0cc663d669a7d8f6f5d0893a14d348f30fbf"
  
  "@protobufjs/base64@^1.1.2":
    version "1.1.2"
    resolved "http://registry.npm.taobao.org/@protobufjs/base64/download/@protobufjs/base64-1.1.2.tgz#4c85730e59b9a1f1f349047dbf24296034bb2735"
  
  "@protobufjs/codegen@^2.0.4":
    version "2.0.4"
    resolved "http://registry.npm.taobao.org/@protobufjs/codegen/download/@protobufjs/codegen-2.0.4.tgz#7ef37f0d010fb028ad1ad59722e506d9262815cb"
  
  "@protobufjs/eventemitter@^1.1.0":
    version "1.1.0"
    resolved "http://registry.npm.taobao.org/@protobufjs/eventemitter/download/@protobufjs/eventemitter-1.1.0.tgz#355cbc98bafad5978f9ed095f397621f1d066b70"
  
  "@protobufjs/fetch@^1.1.0":
    version "1.1.0"
    resolved "http://registry.npm.taobao.org/@protobufjs/fetch/download/@protobufjs/fetch-1.1.0.tgz#ba99fb598614af65700c1619ff06d454b0d84c45"
    dependencies:
      "@protobufjs/aspromise" "^1.1.1"
      "@protobufjs/inquire" "^1.1.0"
  
  "@protobufjs/float@^1.0.2":
    version "1.0.2"
    resolved "http://registry.npm.taobao.org/@protobufjs/float/download/@protobufjs/float-1.0.2.tgz#5e9e1abdcb73fc0a7cb8b291df78c8cbd97b87d1"
  
  "@protobufjs/inquire@^1.1.0":
    version "1.1.0"
    resolved "http://registry.npm.taobao.org/@protobufjs/inquire/download/@protobufjs/inquire-1.1.0.tgz#ff200e3e7cf2429e2dcafc1140828e8cc638f089"
  
  "@protobufjs/path@^1.1.2":
    version "1.1.2"
    resolved "http://registry.npm.taobao.org/@protobufjs/path/download/@protobufjs/path-1.1.2.tgz#6cc2b20c5c9ad6ad0dccfd21ca7673d8d7fbf68d"
  
  "@protobufjs/pool@^1.1.0":
    version "1.1.0"
    resolved "http://registry.npm.taobao.org/@protobufjs/pool/download/@protobufjs/pool-1.1.0.tgz#09fd15f2d6d3abfa9b65bc366506d6ad7846ff54"
  
  "@protobufjs/utf8@^1.1.0":
    version "1.1.0"
    resolved "http://registry.npm.taobao.org/@protobufjs/utf8/download/@protobufjs/utf8-1.1.0.tgz#a777360b5b39a1a2e5106f8e858f2fd2d060c570"
  
  "@types/long@^3.0.31":
    version "3.0.32"
    resolved "http://registry.npm.taobao.org/@types/long/download/@types/long-3.0.32.tgz#f4e5af31e9e9b196d8e5fca8a5e2e20aa3d60b69"
  
  "@types/node@^7.0.29":
    version "7.0.43"
    resolved "http://registry.npm.taobao.org/@types/node/download/@types/node-7.0.43.tgz#a187e08495a075f200ca946079c914e1a5fe962c"
  
  long@^3.2.0:
    version "3.2.0"
    resolved "http://registry.npm.taobao.org/long/download/long-3.2.0.tgz#d821b7138ca1cb581c172990ef14db200b5c474b"
  
  protobufjs@^6.8.0:
    version "6.8.0"
    resolved "http://registry.npm.taobao.org/protobufjs/download/protobufjs-6.8.0.tgz#04e85493c4e1653878ec283f18bc78b1e7c5d5a2"
    dependencies:
      "@protobufjs/aspromise" "^1.1.2"
      "@protobufjs/base64" "^1.1.2"
      "@protobufjs/codegen" "^2.0.4"
      "@protobufjs/eventemitter" "^1.1.0"
      "@protobufjs/fetch" "^1.1.0"
      "@protobufjs/float" "^1.0.2"
      "@protobufjs/inquire" "^1.1.0"
      "@protobufjs/path" "^1.1.2"
      "@protobufjs/pool" "^1.1.0"
      "@protobufjs/utf8" "^1.1.0"
      "@types/long" "^3.0.31"
      "@types/node" "^7.0.29"
      long "^3.2.0"

Trace: 
  Error: EBUSY: resource busy or locked, rmdir 'E:\node-study\prorobuf-study\node_modules\.bin'
